1533196617405	geckodriver	INFO	geckodriver 0.21.0
1533196617413	geckodriver	INFO	Listening on 127.0.0.1:64619
1533196618430	mozrunner::runner	INFO	Running command: "/Applications/Firefox.app/Contents/MacOS/firefox-bin" "-marionette" "-foreground" "-no-remote" "-profile" "/var/folders/sf/ccr299pn4xlfcs11m1x6xpj00000gn/T/rust_mozprofile.KYxEAH27bKlx"
2018-08-02 15:57:00.233 plugin-container[9924:1384935] *** CFMessagePort: bootstrap_register(): failed 1100 (0x44c) 'Permission denied', port = 0x8f3f, name = 'com.apple.tsm.portname'
See /usr/include/servers/bootstrap_defs.h for the error codes.
2018-08-02 15:57:00.514 plugin-container[9925:1384970] *** CFMessagePort: bootstrap_register(): failed 1100 (0x44c) 'Permission denied', port = 0x8543, name = 'com.apple.tsm.portname'
See /usr/include/servers/bootstrap_defs.h for the error codes.
2018-08-02 15:57:00.658 plugin-container[9924:1384935] *** CFMessagePort: bootstrap_register(): failed 1100 (0x44c) 'Permission denied', port = 0x8f17, name = 'com.apple.coredrag'
See /usr/include/servers/bootstrap_defs.h for the error codes.
2018-08-02 15:57:00.659 plugin-container[9925:1384970] *** CFMessagePort: bootstrap_register(): failed 1100 (0x44c) 'Permission denied', port = 0x8467, name = 'com.apple.coredrag'
See /usr/include/servers/bootstrap_defs.h for the error codes.
1533196620871	Marionette	INFO	Listening on port 64630
1533196620936	Marionette	WARN	TLS certificate errors will be ignored for this session
2018-08-02 15:57:01.363 plugin-container[9926:1385121] *** CFMessagePort: bootstrap_register(): failed 1100 (0x44c) 'Permission denied', port = 0x8a43, name = 'com.apple.tsm.portname'
See /usr/include/servers/bootstrap_defs.h for the error codes.
2018-08-02 15:57:01.438 plugin-container[9926:1385121] *** CFMessagePort: bootstrap_register(): failed 1100 (0x44c) 'Permission denied', port = 0x8a5f, name = 'com.apple.coredrag'
See /usr/include/servers/bootstrap_defs.h for the error codes.
1533196671320	geckodriver	INFO	geckodriver 0.21.0
1533196671326	geckodriver	INFO	Listening on 127.0.0.1:64670
1533196672344	mozrunner::runner	INFO	Running command: "/Applications/Firefox.app/Contents/MacOS/firefox-bin" "-marionette" "-foreground" "-no-remote" "-profile" "/var/folders/sf/ccr299pn4xlfcs11m1x6xpj00000gn/T/rust_mozprofile.t6XZVRKWPsoN"
2018-08-02 15:57:53.614 plugin-container[9935:1386126] *** CFMessagePort: bootstrap_register(): failed 1100 (0x44c) 'Permission denied', port = 0x803b, name = 'com.apple.tsm.portname'
See /usr/include/servers/bootstrap_defs.h for the error codes.
2018-08-02 15:57:53.706 plugin-container[9935:1386126] *** CFMessagePort: bootstrap_register(): failed 1100 (0x44c) 'Permission denied', port = 0x184f, name = 'com.apple.coredrag'
See /usr/include/servers/bootstrap_defs.h for the error codes.
2018-08-02 15:57:53.846 plugin-container[9936:1386157] *** CFMessagePort: bootstrap_register(): failed 1100 (0x44c) 'Permission denied', port = 0x853f, name = 'com.apple.tsm.portname'
See /usr/include/servers/bootstrap_defs.h for the error codes.
2018-08-02 15:57:53.932 plugin-container[9936:1386157] *** CFMessagePort: bootstrap_register(): failed 1100 (0x44c) 'Permission denied', port = 0x85d7, name = 'com.apple.coredrag'
See /usr/include/servers/bootstrap_defs.h for the error codes.
1533196674116	Marionette	INFO	Listening on port 64681
1533196674214	Marionette	WARN	TLS certificate errors will be ignored for this session
2018-08-02 15:57:54.630 plugin-container[9937:1386267] *** CFMessagePort: bootstrap_register(): failed 1100 (0x44c) 'Permission denied', port = 0x883f, name = 'com.apple.tsm.portname'
See /usr/include/servers/bootstrap_defs.h for the error codes.
2018-08-02 15:57:54.705 plugin-container[9937:1386267] *** CFMessagePort: bootstrap_register(): failed 1100 (0x44c) 'Permission denied', port = 0x88db, name = 'com.apple.coredrag'
See /usr/include/servers/bootstrap_defs.h for the error codes.
1533196735721	geckodriver	INFO	geckodriver 0.21.0
1533196735726	geckodriver	INFO	Listening on 127.0.0.1:64715
1533196736744	mozrunner::runner	INFO	Running command: "/Applications/Firefox.app/Contents/MacOS/firefox-bin" "-marionette" "-foreground" "-no-remote" "-profile" "/var/folders/sf/ccr299pn4xlfcs11m1x6xpj00000gn/T/rust_mozprofile.Om618mI3oOb8"
2018-08-02 15:58:58.023 plugin-container[9945:1387415] *** CFMessagePort: bootstrap_register(): failed 1100 (0x44c) 'Permission denied', port = 0x7f43, name = 'com.apple.tsm.portname'
See /usr/include/servers/bootstrap_defs.h for the error codes.
2018-08-02 15:58:58.108 plugin-container[9945:1387415] *** CFMessagePort: bootstrap_register(): failed 1100 (0x44c) 'Permission denied', port = 0x7fdf, name = 'com.apple.coredrag'
See /usr/include/servers/bootstrap_defs.h for the error codes.
2018-08-02 15:58:58.238 plugin-container[9946:1387443] *** CFMessagePort: bootstrap_register(): failed 1100 (0x44c) 'Permission denied', port = 0x7c3b, name = 'com.apple.tsm.portname'
See /usr/include/servers/bootstrap_defs.h for the error codes.
2018-08-02 15:58:58.325 plugin-container[9946:1387443] *** CFMessagePort: bootstrap_register(): failed 1100 (0x44c) 'Permission denied', port = 0x7ccf, name = 'com.apple.coredrag'
See /usr/include/servers/bootstrap_defs.h for the error codes.
1533196738520	Marionette	INFO	Listening on port 64722
1533196738613	Marionette	WARN	TLS certificate errors will be ignored for this session
2018-08-02 15:58:59.030 plugin-container[9947:1387551] *** CFMessagePort: bootstrap_register(): failed 1100 (0x44c) 'Permission denied', port = 0x873f, name = 'com.apple.tsm.portname'
See /usr/include/servers/bootstrap_defs.h for the error codes.
2018-08-02 15:58:59.104 plugin-container[9947:1387551] *** CFMessagePort: bootstrap_register(): failed 1100 (0x44c) 'Permission denied', port = 0x87d7, name = 'com.apple.coredrag'
See /usr/include/servers/bootstrap_defs.h for the error codes.
*** UTM:SVC TimerManager:registerTimer called after profile-before-change notification. Ignoring timer registration for id: telemetry_modules_ping
1533197833720	geckodriver	INFO	geckodriver 0.21.0
1533197833726	geckodriver	INFO	Listening on 127.0.0.1:65096
1533197834742	mozrunner::runner	INFO	Running command: "/Applications/Firefox.app/Contents/MacOS/firefox-bin" "-marionette" "-foreground" "-no-remote" "-profile" "/var/folders/sf/ccr299pn4xlfcs11m1x6xpj00000gn/T/rust_mozprofile.jvnxDnn9VDtV"
2018-08-02 16:17:16.049 plugin-container[10001:1402511] *** CFMessagePort: bootstrap_register(): failed 1100 (0x44c) 'Permission denied', port = 0x803f, name = 'com.apple.tsm.portname'
See /usr/include/servers/bootstrap_defs.h for the error codes.
2018-08-02 16:17:16.236 plugin-container[10001:1402511] *** CFMessagePort: bootstrap_register(): failed 1100 (0x44c) 'Permission denied', port = 0x80df, name = 'com.apple.coredrag'
See /usr/include/servers/bootstrap_defs.h for the error codes.
2018-08-02 16:17:16.267 plugin-container[10002:1402541] *** CFMessagePort: bootstrap_register(): failed 1100 (0x44c) 'Permission denied', port = 0x8437, name = 'com.apple.tsm.portname'
See /usr/include/servers/bootstrap_defs.h for the error codes.
2018-08-02 16:17:16.356 plugin-container[10002:1402541] *** CFMessagePort: bootstrap_register(): failed 1100 (0x44c) 'Permission denied', port = 0x8463, name = 'com.apple.coredrag'
See /usr/include/servers/bootstrap_defs.h for the error codes.
1533197836642	Marionette	INFO	Listening on port 65103
1533197836727	Marionette	WARN	TLS certificate errors will be ignored for this session
2018-08-02 16:17:17.158 plugin-container[10003:1402674] *** CFMessagePort: bootstrap_register(): failed 1100 (0x44c) 'Permission denied', port = 0x863f, name = 'com.apple.tsm.portname'
See /usr/include/servers/bootstrap_defs.h for the error codes.
2018-08-02 16:17:17.234 plugin-container[10003:1402674] *** CFMessagePort: bootstrap_register(): failed 1100 (0x44c) 'Permission denied', port = 0x861b, name = 'com.apple.coredrag'
See /usr/include/servers/bootstrap_defs.h for the error codes.
1533197904246	geckodriver	INFO	geckodriver 0.21.0
1533197904252	geckodriver	INFO	Listening on 127.0.0.1:65147
1533197905268	mozrunner::runner	INFO	Running command: "/Applications/Firefox.app/Contents/MacOS/firefox-bin" "-marionette" "-foreground" "-no-remote" "-profile" "/var/folders/sf/ccr299pn4xlfcs11m1x6xpj00000gn/T/rust_mozprofile.uD3rtNEVvGU1"
2018-08-02 16:18:26.574 plugin-container[10010:1404261] *** CFMessagePort: bootstrap_register(): failed 1100 (0x44c) 'Permission denied', port = 0x893f, name = 'com.apple.tsm.portname'
See /usr/include/servers/bootstrap_defs.h for the error codes.
2018-08-02 16:18:26.666 plugin-container[10010:1404261] *** CFMessagePort: bootstrap_register(): failed 1100 (0x44c) 'Permission denied', port = 0x895b, name = 'com.apple.coredrag'
See /usr/include/servers/bootstrap_defs.h for the error codes.
2018-08-02 16:18:26.771 firefox-bin[10009:1404062] IMKInputSession [0x122fa0e50 presentFunctionRowItemTextInputViewWithEndpoint:completionHandler:] : [self textInputContext]=0x124e57ee0 *NO* NSRemoteViewController to client, NSError=Error Domain=NSCocoaErrorDomain Code=4099 "The connection from pid 0 was invalidated from this process." UserInfo={NSDebugDescription=The connection from pid 0 was invalidated from this process.}, com.apple.inputmethod.SCIM
2018-08-02 16:18:26.829 plugin-container[10011:1404290] *** CFMessagePort: bootstrap_register(): failed 1100 (0x44c) 'Permission denied', port = 0x7e07, name = 'com.apple.tsm.portname'
See /usr/include/servers/bootstrap_defs.h for the error codes.
2018-08-02 16:18:26.946 plugin-container[10011:1404290] *** CFMessagePort: bootstrap_register(): failed 1100 (0x44c) 'Permission denied', port = 0x7ea3, name = 'com.apple.coredrag'
See /usr/include/servers/bootstrap_defs.h for the error codes.
1533197907224	Marionette	INFO	Listening on port 65154
1533197907255	Marionette	WARN	TLS certificate errors will be ignored for this session
2018-08-02 16:18:27.786 plugin-container[10012:1404408] *** CFMessagePort: bootstrap_register(): failed 1100 (0x44c) 'Permission denied', port = 0x763f, name = 'com.apple.tsm.portname'
See /usr/include/servers/bootstrap_defs.h for the error codes.
2018-08-02 16:18:27.864 plugin-container[10012:1404408] *** CFMessagePort: bootstrap_register(): failed 1100 (0x44c) 'Permission denied', port = 0x76d7, name = 'com.apple.coredrag'
See /usr/include/servers/bootstrap_defs.h for the error codes.
*** UTM:SVC TimerManager:registerTimer called after profile-before-change notification. Ignoring timer registration for id: telemetry_modules_ping
1533197950843	geckodriver	INFO	geckodriver 0.21.0
1533197950849	geckodriver	INFO	Listening on 127.0.0.1:65189
1533197951864	mozrunner::runner	INFO	Running command: "/Applications/Firefox.app/Contents/MacOS/firefox-bin" "-marionette" "-foreground" "-no-remote" "-profile" "/var/folders/sf/ccr299pn4xlfcs11m1x6xpj00000gn/T/rust_mozprofile.ROuQ72yQLaox"
2018-08-02 16:19:13.131 plugin-container[10019:1405558] *** CFMessagePort: bootstrap_register(): failed 1100 (0x44c) 'Permission denied', port = 0x7407, name = 'com.apple.tsm.portname'
See /usr/include/servers/bootstrap_defs.h for the error codes.
2018-08-02 16:19:13.218 plugin-container[10019:1405558] *** CFMessagePort: bootstrap_register(): failed 1100 (0x44c) 'Permission denied', port = 0x74a3, name = 'com.apple.coredrag'
See /usr/include/servers/bootstrap_defs.h for the error codes.
2018-08-02 16:19:13.356 plugin-container[10020:1405587] *** CFMessagePort: bootstrap_register(): failed 1100 (0x44c) 'Permission denied', port = 0x833b, name = 'com.apple.tsm.portname'
See /usr/include/servers/bootstrap_defs.h for the error codes.
2018-08-02 16:19:13.450 plugin-container[10020:1405587] *** CFMessagePort: bootstrap_register(): failed 1100 (0x44c) 'Permission denied', port = 0x839f, name = 'com.apple.coredrag'
See /usr/include/servers/bootstrap_defs.h for the error codes.
1533197953760	Marionette	INFO	Listening on port 65196
1533197953864	Marionette	WARN	TLS certificate errors will be ignored for this session
2018-08-02 16:19:14.324 plugin-container[10021:1405696] *** CFMessagePort: bootstrap_register(): failed 1100 (0x44c) 'Permission denied', port = 0x7c3f, name = 'com.apple.tsm.portname'
See /usr/include/servers/bootstrap_defs.h for the error codes.
2018-08-02 16:19:14.447 plugin-container[10021:1405696] *** CFMessagePort: bootstrap_register(): failed 1100 (0x44c) 'Permission denied', port = 0x7c1f, name = 'com.apple.coredrag'
See /usr/include/servers/bootstrap_defs.h for the error codes.
JavaScript error: https://ss1.bdstatic.com/5eN1bjq8AAUYm2zgoY3K/r/www/cache/static/protocol/https/plugins/every_cookie_mac_82990d4.js, line 4: ReferenceError: c is not defined
2018-08-02 16:19:53.189 firefox-bin[10018:1405370] IMKInputSession [0x125788e50 presentFunctionRowItemTextInputViewWithEndpoint:completionHandler:] : [self textInputContext]=0x127552dc0 *NO* NSRemoteViewController to client, NSError=Error Domain=NSCocoaErrorDomain Code=4099 "The connection from pid 0 was invalidated from this process." UserInfo={NSDebugDescription=The connection from pid 0 was invalidated from this process.}, com.apple.inputmethod.SCIM
JavaScript warning: https://csdnimg.cn/public/common/libs/jquery/jquery-1.9.1.min.js, line 1: Using //@ to indicate sourceMappingURL pragmas is deprecated. Use //# instead
JavaScript warning: https://csdnimg.cn/rabbit/exposure-click/main-1.0.6.js, line 556: unreachable code after return statement
JavaScript warning: https://csdnimg.cn/rabbit/exposure-click/main-1.0.6.js, line 556: unreachable code after return statement
JavaScript error: https://cpro.baidustatic.com/cpro/ui/noexpire/js/4.0.0/adClosefeedbackUpgrade.min.js, line 1: TypeError: g is null
JavaScript warning: http://sjs.sinajs.cn/blog7/article.js?659.js, line 3: unreachable code after return statement
JavaScript warning: http://sjs.sinajs.cn/blog7/article.js?659.js, line 19: unreachable code after return statement
JavaScript warning: http://sjs.sinajs.cn/blog7/article.js?659.js, line 22: unreachable code after return statement
JavaScript warning: http://sjs.sinajs.cn/blog7/article.js?659.js, line 19: unreachable code after return statement
JavaScript error: http://d1.sina.com.cn/litong/kuaijieweibo/yafeng/boke/js/scroll.js, line 5: TypeError: o is null
1533198133884	geckodriver	INFO	geckodriver 0.21.0
1533198133889	geckodriver	INFO	Listening on 127.0.0.1:49188
1533198134903	mozrunner::runner	INFO	Running command: "/Applications/Firefox.app/Contents/MacOS/firefox-bin" "-marionette" "-foreground" "-no-remote" "-profile" "/var/folders/sf/ccr299pn4xlfcs11m1x6xpj00000gn/T/rust_mozprofile.a4icwYEiYLsA"
2018-08-02 16:22:16.225 plugin-container[10037:1409248] *** CFMessagePort: bootstrap_register(): failed 1100 (0x44c) 'Permission denied', port = 0x863f, name = 'com.apple.tsm.portname'
See /usr/include/servers/bootstrap_defs.h for the error codes.
2018-08-02 16:22:16.374 plugin-container[10037:1409248] *** CFMessagePort: bootstrap_register(): failed 1100 (0x44c) 'Permission denied', port = 0x865b, name = 'com.apple.coredrag'
See /usr/include/servers/bootstrap_defs.h for the error codes.
2018-08-02 16:22:16.472 plugin-container[10038:1409290] *** CFMessagePort: bootstrap_register(): failed 1100 (0x44c) 'Permission denied', port = 0x800b, name = 'com.apple.tsm.portname'
See /usr/include/servers/bootstrap_defs.h for the error codes.
2018-08-02 16:22:16.568 plugin-container[10038:1409290] *** CFMessagePort: bootstrap_register(): failed 1100 (0x44c) 'Permission denied', port = 0x80af, name = 'com.apple.coredrag'
See /usr/include/servers/bootstrap_defs.h for the error codes.
1533198136971	Marionette	INFO	Listening on port 49197
1533198136979	Marionette	WARN	TLS certificate errors will be ignored for this session
2018-08-02 16:22:17.523 plugin-container[10039:1409407] *** CFMessagePort: bootstrap_register(): failed 1100 (0x44c) 'Permission denied', port = 0x7703, name = 'com.apple.tsm.portname'
See /usr/include/servers/bootstrap_defs.h for the error codes.
2018-08-02 16:22:17.651 plugin-container[10039:1409407] *** CFMessagePort: bootstrap_register(): failed 1100 (0x44c) 'Permission denied', port = 0x77a3, name = 'com.apple.coredrag'
See /usr/include/servers/bootstrap_defs.h for the error codes.
JavaScript error: https://ss1.bdstatic.com/5eN1bjq8AAUYm2zgoY3K/r/www/cache/static/protocol/https/plugins/every_cookie_mac_82990d4.js, line 4: ReferenceError: c is not defined
JavaScript error: https://sp0.baidu.com/5a1Fazu8AA54nxGko9WTAnF6hhy/su?wd=se&json=1&p=3&sid=26525_1458_26964_21093_26350_26925_20929&csor=2&pwd=s&cb=jQuery110206051382090365317_1533198137655&_=1533198137658, line 1: TypeError: jQuery110206051382090365317_1533198137655 is not a function
JavaScript error: https://sp0.baidu.com/5a1Fazu8AA54nxGko9WTAnF6hhy/su?wd=s&json=1&p=3&sid=26525_1458_26964_21093_26350_26925_20929&csor=1&cb=jQuery110206051382090365317_1533198137655&_=1533198137657, line 1: TypeError: jQuery110206051382090365317_1533198137655 is not a function
JavaScript error: https://sp0.baidu.com/5a1Fazu8AA54nxGko9WTAnF6hhy/su?wd=sele&json=1&p=3&sid=26525_1458_26964_21093_26350_26925_20929&csor=4&pwd=sel&cb=jQuery110206051382090365317_1533198137655&_=1533198137660, line 1: TypeError: jQuery110206051382090365317_1533198137655 is not a function
JavaScript error: https://sp0.baidu.com/5a1Fazu8AA54nxGko9WTAnF6hhy/su?wd=sel&json=1&p=3&sid=26525_1458_26964_21093_26350_26925_20929&csor=3&pwd=se&cb=jQuery110206051382090365317_1533198137655&_=1533198137659, line 1: TypeError: jQuery110206051382090365317_1533198137655 is not a function
JavaScript error: https://sp0.baidu.com/5a1Fazu8AA54nxGko9WTAnF6hhy/su?wd=selen&json=1&p=3&sid=26525_1458_26964_21093_26350_26925_20929&csor=5&pwd=sele&cb=jQuery110206051382090365317_1533198137655&_=1533198137661, line 1: TypeError: jQuery110206051382090365317_1533198137655 is not a function
JavaScript error: https://sp0.baidu.com/5a1Fazu8AA54nxGko9WTAnF6hhy/su?wd=seleni&json=1&p=3&sid=26525_1458_26964_21093_26350_26925_20929&csor=6&pwd=selen&cb=jQuery110206051382090365317_1533198137655&_=1533198137662, line 1: TypeError: jQuery110206051382090365317_1533198137655 is not a function
JavaScript error: https://sp0.baidu.com/5a1Fazu8AA54nxGko9WTAnF6hhy/su?wd=seleniu&json=1&p=3&sid=26525_1458_26964_21093_26350_26925_20929&csor=7&pwd=seleni&cb=jQuery110206051382090365317_1533198137655&_=1533198137663, line 1: TypeError: jQuery110206051382090365317_1533198137655 is not a function
JavaScript error: https://sp0.baidu.com/5a1Fazu8AA54nxGko9WTAnF6hhy/su?wd=selenium&json=1&p=3&sid=26525_1458_26964_21093_26350_26925_20929&csor=8&pwd=seleniu&cb=jQuery110206051382090365317_1533198137655&_=1533198137664, line 1: TypeError: jQuery110206051382090365317_1533198137655 is not a function
*** UTM:SVC TimerManager:registerTimer called after profile-before-change notification. Ignoring timer registration for id: telemetry_modules_ping
1533198258290	geckodriver	INFO	geckodriver 0.21.0
1533198258295	geckodriver	INFO	Listening on 127.0.0.1:49369
1533198259308	mozrunner::runner	INFO	Running command: "/Applications/Firefox.app/Contents/MacOS/firefox-bin" "-marionette" "-foreground" "-no-remote" "-profile" "/var/folders/sf/ccr299pn4xlfcs11m1x6xpj00000gn/T/rust_mozprofile.6CvE6tAjxbqL"
2018-08-02 16:24:20.554 plugin-container[10063:1411649] *** CFMessagePort: bootstrap_register(): failed 1100 (0x44c) 'Permission denied', port = 0x7b07, name = 'com.apple.tsm.portname'
See /usr/include/servers/bootstrap_defs.h for the error codes.
2018-08-02 16:24:20.643 plugin-container[10063:1411649] *** CFMessagePort: bootstrap_register(): failed 1100 (0x44c) 'Permission denied', port = 0x7b9f, name = 'com.apple.coredrag'
See /usr/include/servers/bootstrap_defs.h for the error codes.
2018-08-02 16:24:20.783 plugin-container[10064:1411679] *** CFMessagePort: bootstrap_register(): failed 1100 (0x44c) 'Permission denied', port = 0x803f, name = 'com.apple.tsm.portname'
See /usr/include/servers/bootstrap_defs.h for the error codes.
2018-08-02 16:24:20.870 plugin-container[10064:1411679] *** CFMessagePort: bootstrap_register(): failed 1100 (0x44c) 'Permission denied', port = 0x81a7, name = 'com.apple.coredrag'
See /usr/include/servers/bootstrap_defs.h for the error codes.
1533198261128	Marionette	INFO	Listening on port 49376
1533198261181	Marionette	WARN	TLS certificate errors will be ignored for this session
2018-08-02 16:24:21.672 plugin-container[10065:1411815] *** CFMessagePort: bootstrap_register(): failed 1100 (0x44c) 'Permission denied', port = 0x7503, name = 'com.apple.tsm.portname'
See /usr/include/servers/bootstrap_defs.h for the error codes.
2018-08-02 16:24:21.801 plugin-container[10065:1411815] *** CFMessagePort: bootstrap_register(): failed 1100 (0x44c) 'Permission denied', port = 0x7563, name = 'com.apple.coredrag'
See /usr/include/servers/bootstrap_defs.h for the error codes.
JavaScript error: https://sp0.baidu.com/5a1Fazu8AA54nxGko9WTAnF6hhy/su?wd=%E8%87%AA%E9%80%82%E5%BA%94&json=1&p=3&sid=1426_21095_20718&csor=3&pwd=%E8%87%AA%E9%80%82&cb=jQuery1102011047054700176118_1533198261761&_=1533198261765, line 1: TypeError: jQuery1102011047054700176118_1533198261761 is not a function
JavaScript error: https://sp0.baidu.com/5a1Fazu8AA54nxGko9WTAnF6hhy/su?wd=%E8%87%AA%E9%80%82&json=1&p=3&sid=1426_21095_20718&csor=2&pwd=%E8%87%AA&cb=jQuery1102011047054700176118_1533198261761&_=1533198261764, line 1: TypeError: jQuery1102011047054700176118_1533198261761 is not a function
JavaScript error: https://sp0.baidu.com/5a1Fazu8AA54nxGko9WTAnF6hhy/su?wd=%E8%87%AA%E9%80%82%E5%BA%94%E9%A2%9C%E8%89%B2%E7%9A%84&json=1&p=3&sid=1426_21095_20718&csor=6&pwd=%E8%87%AA%E9%80%82%E5%BA%94%E9%A2%9C%E8%89%B2&cb=jQuery1102011047054700176118_1533198261761&_=1533198261768, line 1: TypeError: jQuery1102011047054700176118_1533198261761 is not a function
JavaScript error: https://sp0.baidu.com/5a1Fazu8AA54nxGko9WTAnF6hhy/su?wd=%E8%87%AA%E9%80%82%E5%BA%94%E9%A2%9C%E8%89%B2%E7%9A%84%E6%89%8B%E6%9C%BA&json=1&p=3&sid=1426_21095_20718&csor=8&pwd=%E8%87%AA%E9%80%82%E5%BA%94%E9%A2%9C%E8%89%B2%E7%9A%84%E6%89%8B&cb=jQuery1102011047054700176118_1533198261761&_=1533198261770, line 1: TypeError: jQuery1102011047054700176118_1533198261761 is not a function
JavaScript error: https://sp0.baidu.com/5a1Fazu8AA54nxGko9WTAnF6hhy/su?wd=%E8%87%AA%E9%80%82%E5%BA%94%E9%A2%9C%E8%89%B2&json=1&p=3&sid=1426_21095_20718&csor=5&pwd=%E8%87%AA%E9%80%82%E5%BA%94%E9%A2%9C&cb=jQuery1102011047054700176118_1533198261761&_=1533198261767, line 1: TypeError: jQuery1102011047054700176118_1533198261761 is not a function
JavaScript error: https://sp0.baidu.com/5a1Fazu8AA54nxGko9WTAnF6hhy/su?wd=%E8%87%AA%E9%80%82%E5%BA%94%E9%A2%9C%E8%89%B2%E7%9A%84%E6%89%8B&json=1&p=3&sid=1426_21095_20718&csor=7&pwd=%E8%87%AA%E9%80%82%E5%BA%94%E9%A2%9C%E8%89%B2%E7%9A%84&cb=jQuery1102011047054700176118_1533198261761&_=1533198261769, line 1: TypeError: jQuery1102011047054700176118_1533198261761 is not a function
JavaScript error: https://sp0.baidu.com/5a1Fazu8AA54nxGko9WTAnF6hhy/su?wd=%E8%87%AA%E9%80%82%E5%BA%94%E9%A2%9C%E8%89%B2%E7%9A%84%E6%89%8B%E6%9C%BA%E5%A3%B3&json=1&p=3&sid=1426_21095_20718&csor=9&pwd=%E8%87%AA%E9%80%82%E5%BA%94%E9%A2%9C%E8%89%B2%E7%9A%84%E6%89%8B%E6%9C%BA&cb=jQuery1102011047054700176118_1533198261761&_=1533198261771, line 1: TypeError: jQuery1102011047054700176118_1533198261761 is not a function
JavaScript error: https://sp0.baidu.com/5a1Fazu8AA54nxGko9WTAnF6hhy/su?wd=%E8%87%AA%E9%80%82%E5%BA%94%E9%A2%9C&json=1&p=3&sid=1426_21095_20718&csor=4&pwd=%E8%87%AA%E9%80%82%E5%BA%94&cb=jQuery1102011047054700176118_1533198261761&_=1533198261766, line 1: TypeError: jQuery1102011047054700176118_1533198261761 is not a function
*** UTM:SVC TimerManager:registerTimer called after profile-before-change notification. Ignoring timer registration for id: telemetry_modules_ping
1533198321471	geckodriver	INFO	geckodriver 0.21.0
1533198321477	geckodriver	INFO	Listening on 127.0.0.1:49457
1533198322493	mozrunner::runner	INFO	Running command: "/Applications/Firefox.app/Contents/MacOS/firefox-bin" "-marionette" "-foreground" "-no-remote" "-profile" "/var/folders/sf/ccr299pn4xlfcs11m1x6xpj00000gn/T/rust_mozprofile.tBqQRyLdlgAn"
2018-08-02 16:25:23.822 plugin-container[10077:1412973] *** CFMessagePort: bootstrap_register(): failed 1100 (0x44c) 'Permission denied', port = 0x7e3f, name = 'com.apple.tsm.portname'
See /usr/include/servers/bootstrap_defs.h for the error codes.
2018-08-02 16:25:23.914 plugin-container[10077:1412973] *** CFMessagePort: bootstrap_register(): failed 1100 (0x44c) 'Permission denied', port = 0x7e5b, name = 'com.apple.coredrag'
See /usr/include/servers/bootstrap_defs.h for the error codes.
2018-08-02 16:25:24.051 plugin-container[10079:1413011] *** CFMessagePort: bootstrap_register(): failed 1100 (0x44c) 'Permission denied', port = 0x8d03, name = 'com.apple.tsm.portname'
See /usr/include/servers/bootstrap_defs.h for the error codes.
2018-08-02 16:25:24.137 plugin-container[10079:1413011] *** CFMessagePort: bootstrap_register(): failed 1100 (0x44c) 'Permission denied', port = 0x8d9b, name = 'com.apple.coredrag'
See /usr/include/servers/bootstrap_defs.h for the error codes.
1533198324340	Marionette	INFO	Listening on port 49468
1533198324361	Marionette	WARN	TLS certificate errors will be ignored for this session
2018-08-02 16:25:25.020 plugin-container[10080:1413120] *** CFMessagePort: bootstrap_register(): failed 1100 (0x44c) 'Permission denied', port = 0x8c0b, name = 'com.apple.tsm.portname'
See /usr/include/servers/bootstrap_defs.h for the error codes.
JavaScript error: https://ss1.bdstatic.com/5eN1bjq8AAUYm2zgoY3K/r/www/cache/static/protocol/https/plugins/every_cookie_mac_82990d4.js, line 4: ReferenceError: c is not defined
2018-08-02 16:25:25.155 plugin-container[10080:1413120] *** CFMessagePort: bootstrap_register(): failed 1100 (0x44c) 'Permission denied', port = 0x8ca7, name = 'com.apple.coredrag'
See /usr/include/servers/bootstrap_defs.h for the error codes.
JavaScript error: https://sp0.baidu.com/5a1Fazu8AA54nxGko9WTAnF6hhy/su?wd=%E8%87%AA&json=1&p=3&sid=1427_25809_26431_21089_26920_26807&csor=1&cb=jQuery1102004976188716193353_1533198325000&_=1533198325002, line 1: TypeError: jQuery1102004976188716193353_1533198325000 is not a function
JavaScript error: https://sp0.baidu.com/5a1Fazu8AA54nxGko9WTAnF6hhy/su?wd=%E8%87%AA%E9%80%82&json=1&p=3&sid=1427_25809_26431_21089_26920_26807&csor=2&pwd=%E8%87%AA&cb=jQuery1102004976188716193353_1533198325000&_=1533198325003, line 1: TypeError: jQuery1102004976188716193353_1533198325000 is not a function
JavaScript error: https://sp0.baidu.com/5a1Fazu8AA54nxGko9WTAnF6hhy/su?wd=%E8%87%AA%E9%80%82%E5%BA%94%E9%A2%9C&json=1&p=3&sid=1427_25809_26431_21089_26920_26807&csor=4&pwd=%E8%87%AA%E9%80%82%E5%BA%94&cb=jQuery1102004976188716193353_1533198325000&_=1533198325005, line 1: TypeError: jQuery1102004976188716193353_1533198325000 is not a function
JavaScript error: https://sp0.baidu.com/5a1Fazu8AA54nxGko9WTAnF6hhy/su?wd=%E8%87%AA%E9%80%82%E5%BA%94&json=1&p=3&sid=1427_25809_26431_21089_26920_26807&csor=3&pwd=%E8%87%AA%E9%80%82&cb=jQuery1102004976188716193353_1533198325000&_=1533198325004, line 1: TypeError: jQuery1102004976188716193353_1533198325000 is not a function
JavaScript error: https://sp0.baidu.com/5a1Fazu8AA54nxGko9WTAnF6hhy/su?wd=%E8%87%AA%E9%80%82%E5%BA%94%E9%A2%9C%E8%89%B2%E7%9A%84&json=1&p=3&sid=1427_25809_26431_21089_26920_26807&csor=6&pwd=%E8%87%AA%E9%80%82%E5%BA%94%E9%A2%9C%E8%89%B2&cb=jQuery1102004976188716193353_1533198325000&_=1533198325007, line 1: TypeError: jQuery1102004976188716193353_1533198325000 is not a function
JavaScript error: https://sp0.baidu.com/5a1Fazu8AA54nxGko9WTAnF6hhy/su?wd=%E8%87%AA%E9%80%82%E5%BA%94%E9%A2%9C%E8%89%B2%E7%9A%84%E6%89%8B&json=1&p=3&sid=1427_25809_26431_21089_26920_26807&csor=7&pwd=%E8%87%AA%E9%80%82%E5%BA%94%E9%A2%9C%E8%89%B2%E7%9A%84&cb=jQuery1102004976188716193353_1533198325000&_=1533198325008, line 1: TypeError: jQuery1102004976188716193353_1533198325000 is not a function
JavaScript error: https://sp0.baidu.com/5a1Fazu8AA54nxGko9WTAnF6hhy/su?wd=%E8%87%AA%E9%80%82%E5%BA%94%E9%A2%9C%E8%89%B2%E7%9A%84%E6%89%8B%E6%9C%BA%E5%A3%B3&json=1&p=3&sid=1427_25809_26431_21089_26920_26807&csor=9&pwd=%E8%87%AA%E9%80%82%E5%BA%94%E9%A2%9C%E8%89%B2%E7%9A%84%E6%89%8B%E6%9C%BA&cb=jQuery1102004976188716193353_1533198325000&_=1533198325010, line 1: TypeError: jQuery1102004976188716193353_1533198325000 is not a function
JavaScript error: https://sp0.baidu.com/5a1Fazu8AA54nxGko9WTAnF6hhy/su?wd=%E8%87%AA%E9%80%82%E5%BA%94%E9%A2%9C%E8%89%B2%E7%9A%84%E6%89%8B%E6%9C%BA&json=1&p=3&sid=1427_25809_26431_21089_26920_26807&csor=8&pwd=%E8%87%AA%E9%80%82%E5%BA%94%E9%A2%9C%E8%89%B2%E7%9A%84%E6%89%8B&cb=jQuery1102004976188716193353_1533198325000&_=1533198325009, line 1: TypeError: jQuery1102004976188716193353_1533198325000 is not a function
JavaScript error: https://sp0.baidu.com/5a1Fazu8AA54nxGko9WTAnF6hhy/su?wd=%E8%87%AA%E9%80%82%E5%BA%94%E9%A2%9C%E8%89%B2&json=1&p=3&sid=1427_25809_26431_21089_26920_26807&csor=5&pwd=%E8%87%AA%E9%80%82%E5%BA%94%E9%A2%9C&cb=jQuery1102004976188716193353_1533198325000&_=1533198325006, line 1: TypeError: jQuery1102004976188716193353_1533198325000 is not a function
1533198954867	geckodriver	INFO	geckodriver 0.21.0
1533198954872	geckodriver	INFO	Listening on 127.0.0.1:49775
1533198955887	mozrunner::runner	INFO	Running command: "/Applications/Firefox.app/Contents/MacOS/firefox-bin" "-marionette" "-foreground" "-no-remote" "-profile" "/var/folders/sf/ccr299pn4xlfcs11m1x6xpj00000gn/T/rust_mozprofile.pkYfNYJ1QUoI"
2018-08-02 16:35:57.174 plugin-container[10134:1422311] *** CFMessagePort: bootstrap_register(): failed 1100 (0x44c) 'Permission denied', port = 0x843f, name = 'com.apple.tsm.portname'
See /usr/include/servers/bootstrap_defs.h for the error codes.
2018-08-02 16:35:57.360 plugin-container[10134:1422311] *** CFMessagePort: bootstrap_register(): failed 1100 (0x44c) 'Permission denied', port = 0x841f, name = 'com.apple.coredrag'
See /usr/include/servers/bootstrap_defs.h for the error codes.
2018-08-02 16:35:57.410 plugin-container[10135:1422341] *** CFMessagePort: bootstrap_register(): failed 1100 (0x44c) 'Permission denied', port = 0x8003, name = 'com.apple.tsm.portname'
See /usr/include/servers/bootstrap_defs.h for the error codes.
2018-08-02 16:35:57.498 plugin-container[10135:1422341] *** CFMessagePort: bootstrap_register(): failed 1100 (0x44c) 'Permission denied', port = 0x8063, name = 'com.apple.coredrag'
See /usr/include/servers/bootstrap_defs.h for the error codes.
1533198957669	Marionette	INFO	Listening on port 49782
1533198957770	Marionette	WARN	TLS certificate errors will be ignored for this session
2018-08-02 16:35:58.208 plugin-container[10136:1422452] *** CFMessagePort: bootstrap_register(): failed 1100 (0x44c) 'Permission denied', port = 0x8633, name = 'com.apple.tsm.portname'
See /usr/include/servers/bootstrap_defs.h for the error codes.
2018-08-02 16:35:58.300 plugin-container[10136:1422452] *** CFMessagePort: bootstrap_register(): failed 1100 (0x44c) 'Permission denied', port = 0x8617, name = 'com.apple.coredrag'
See /usr/include/servers/bootstrap_defs.h for the error codes.
2018-08-02 16:36:28.411 plugin-container[10148:1423234] *** CFMessagePort: bootstrap_register(): failed 1100 (0x44c) 'Permission denied', port = 0x6e03, name = 'com.apple.tsm.portname'
See /usr/include/servers/bootstrap_defs.h for the error codes.
2018-08-02 16:36:28.490 plugin-container[10148:1423234] *** CFMessagePort: bootstrap_register(): failed 1100 (0x44c) 'Permission denied', port = 0x6e9f, name = 'com.apple.coredrag'
See /usr/include/servers/bootstrap_defs.h for the error codes.
1533198998028	geckodriver	INFO	geckodriver 0.21.0
1533198998034	geckodriver	INFO	Listening on 127.0.0.1:49873
1533198999049	mozrunner::runner	INFO	Running command: "/Applications/Firefox.app/Contents/MacOS/firefox-bin" "-marionette" "-foreground" "-no-remote" "-profile" "/var/folders/sf/ccr299pn4xlfcs11m1x6xpj00000gn/T/rust_mozprofile.xZfBKbuZhSCu"
2018-08-02 16:36:40.300 plugin-container[10154:1423690] *** CFMessagePort: bootstrap_register(): failed 1100 (0x44c) 'Permission denied', port = 0x8c03, name = 'com.apple.tsm.portname'
See /usr/include/servers/bootstrap_defs.h for the error codes.
2018-08-02 16:36:40.390 plugin-container[10154:1423690] *** CFMessagePort: bootstrap_register(): failed 1100 (0x44c) 'Permission denied', port = 0x8c9f, name = 'com.apple.coredrag'
See /usr/include/servers/bootstrap_defs.h for the error codes.
2018-08-02 16:36:40.535 plugin-container[10155:1423719] *** CFMessagePort: bootstrap_register(): failed 1100 (0x44c) 'Permission denied', port = 0x760b, name = 'com.apple.tsm.portname'
See /usr/include/servers/bootstrap_defs.h for the error codes.
2018-08-02 16:36:40.625 plugin-container[10155:1423719] *** CFMessagePort: bootstrap_register(): failed 1100 (0x44c) 'Permission denied', port = 0x7723, name = 'com.apple.coredrag'
See /usr/include/servers/bootstrap_defs.h for the error codes.
1533199000887	Marionette	INFO	Listening on port 49880
1533199000942	Marionette	WARN	TLS certificate errors will be ignored for this session
2018-08-02 16:36:41.396 plugin-container[10156:1423854] *** CFMessagePort: bootstrap_register(): failed 1100 (0x44c) 'Permission denied', port = 0x873f, name = 'com.apple.tsm.portname'
See /usr/include/servers/bootstrap_defs.h for the error codes.
2018-08-02 16:36:41.495 plugin-container[10156:1423854] *** CFMessagePort: bootstrap_register(): failed 1100 (0x44c) 'Permission denied', port = 0x87d7, name = 'com.apple.coredrag'
See /usr/include/servers/bootstrap_defs.h for the error codes.
*** UTM:SVC TimerManager:registerTimer called after profile-before-change notification. Ignoring timer registration for id: telemetry_modules_ping
1533199037943	geckodriver	INFO	geckodriver 0.21.0
1533199037948	geckodriver	INFO	Listening on 127.0.0.1:49952
1533199038966	mozrunner::runner	INFO	Running command: "/Applications/Firefox.app/Contents/MacOS/firefox-bin" "-marionette" "-foreground" "-no-remote" "-profile" "/var/folders/sf/ccr299pn4xlfcs11m1x6xpj00000gn/T/rust_mozprofile.npKYPaRgckuE"
2018-08-02 16:37:20.206 plugin-container[10166:1424703] *** CFMessagePort: bootstrap_register(): failed 1100 (0x44c) 'Permission denied', port = 0x7d37, name = 'com.apple.tsm.portname'
See /usr/include/servers/bootstrap_defs.h for the error codes.
2018-08-02 16:37:20.293 plugin-container[10166:1424703] *** CFMessagePort: bootstrap_register(): failed 1100 (0x44c) 'Permission denied', port = 0x7d17, name = 'com.apple.coredrag'
See /usr/include/servers/bootstrap_defs.h for the error codes.
2018-08-02 16:37:20.424 plugin-container[10167:1424732] *** CFMessagePort: bootstrap_register(): failed 1100 (0x44c) 'Permission denied', port = 0x8233, name = 'com.apple.tsm.portname'
See /usr/include/servers/bootstrap_defs.h for the error codes.
2018-08-02 16:37:20.513 plugin-container[10167:1424732] *** CFMessagePort: bootstrap_register(): failed 1100 (0x44c) 'Permission denied', port = 0x8253, name = 'com.apple.coredrag'
See /usr/include/servers/bootstrap_defs.h for the error codes.
1533199040716	Marionette	INFO	Listening on port 49961
1533199040734	Marionette	WARN	TLS certificate errors will be ignored for this session
2018-08-02 16:37:21.268 plugin-container[10168:1424842] *** CFMessagePort: bootstrap_register(): failed 1100 (0x44c) 'Permission denied', port = 0x893f, name = 'com.apple.tsm.portname'
See /usr/include/servers/bootstrap_defs.h for the error codes.
2018-08-02 16:37:21.388 plugin-container[10168:1424842] *** CFMessagePort: bootstrap_register(): failed 1100 (0x44c) 'Permission denied', port = 0x782b, name = 'com.apple.coredrag'
See /usr/include/servers/bootstrap_defs.h for the error codes.
1533199075486	geckodriver	INFO	geckodriver 0.21.0
1533199075494	geckodriver	INFO	Listening on 127.0.0.1:50030
1533199076505	mozrunner::runner	INFO	Running command: "/Applications/Firefox.app/Contents/MacOS/firefox-bin" "-marionette" "-foreground" "-no-remote" "-profile" "/var/folders/sf/ccr299pn4xlfcs11m1x6xpj00000gn/T/rust_mozprofile.miAq26w1wFkr"
2018-08-02 16:37:57.952 plugin-container[10181:1425687] *** CFMessagePort: bootstrap_register(): failed 1100 (0x44c) 'Permission denied', port = 0x7803, name = 'com.apple.tsm.portname'
See /usr/include/servers/bootstrap_defs.h for the error codes.
2018-08-02 16:37:58.056 plugin-container[10181:1425687] *** CFMessagePort: bootstrap_register(): failed 1100 (0x44c) 'Permission denied', port = 0x789b, name = 'com.apple.coredrag'
See /usr/include/servers/bootstrap_defs.h for the error codes.
2018-08-02 16:37:58.118 plugin-container[10182:1425715] *** CFMessagePort: bootstrap_register(): failed 1100 (0x44c) 'Permission denied', port = 0x810b, name = 'com.apple.tsm.portname'
See /usr/include/servers/bootstrap_defs.h for the error codes.
2018-08-02 16:37:58.208 plugin-container[10182:1425715] *** CFMessagePort: bootstrap_register(): failed 1100 (0x44c) 'Permission denied', port = 0x8167, name = 'com.apple.coredrag'
See /usr/include/servers/bootstrap_defs.h for the error codes.
1533199078419	Marionette	INFO	Listening on port 50037
1533199078503	Marionette	WARN	TLS certificate errors will be ignored for this session
2018-08-02 16:37:58.988 plugin-container[10183:1425826] *** CFMessagePort: bootstrap_register(): failed 1100 (0x44c) 'Permission denied', port = 0x793f, name = 'com.apple.tsm.portname'
See /usr/include/servers/bootstrap_defs.h for the error codes.
2018-08-02 16:37:59.110 plugin-container[10183:1425826] *** CFMessagePort: bootstrap_register(): failed 1100 (0x44c) 'Permission denied', port = 0x795f, name = 'com.apple.coredrag'
See /usr/include/servers/bootstrap_defs.h for the error codes.
1533199255306	geckodriver	INFO	geckodriver 0.21.0
1533199255311	geckodriver	INFO	Listening on 127.0.0.1:50130
1533199256328	mozrunner::runner	INFO	Running command: "/Applications/Firefox.app/Contents/MacOS/firefox-bin" "-marionette" "-foreground" "-no-remote" "-profile" "/var/folders/sf/ccr299pn4xlfcs11m1x6xpj00000gn/T/rust_mozprofile.58BC1zcm9wpM"
2018-08-02 16:40:57.804 plugin-container[10212:1429202] *** CFMessagePort: bootstrap_register(): failed 1100 (0x44c) 'Permission denied', port = 0x7f43, name = 'com.apple.tsm.portname'
See /usr/include/servers/bootstrap_defs.h for the error codes.
2018-08-02 16:40:58.024 plugin-container[10212:1429202] *** CFMessagePort: bootstrap_register(): failed 1100 (0x44c) 'Permission denied', port = 0x7f1f, name = 'com.apple.coredrag'
See /usr/include/servers/bootstrap_defs.h for the error codes.
2018-08-02 16:40:58.149 plugin-container[10213:1429232] *** CFMessagePort: bootstrap_register(): failed 1100 (0x44c) 'Permission denied', port = 0x853f, name = 'com.apple.tsm.portname'
See /usr/include/servers/bootstrap_defs.h for the error codes.
2018-08-02 16:40:58.262 plugin-container[10213:1429232] *** CFMessagePort: bootstrap_register(): failed 1100 (0x44c) 'Permission denied', port = 0x7c33, name = 'com.apple.coredrag'
See /usr/include/servers/bootstrap_defs.h for the error codes.
1533199258597	Marionette	INFO	Listening on port 50138
1533199258623	Marionette	WARN	TLS certificate errors will be ignored for this session
2018-08-02 16:40:59.438 plugin-container[10214:1429355] *** CFMessagePort: bootstrap_register(): failed 1100 (0x44c) 'Permission denied', port = 0x7433, name = 'com.apple.tsm.portname'
See /usr/include/servers/bootstrap_defs.h for the error codes.
2018-08-02 16:40:59.546 plugin-container[10214:1429355] *** CFMessagePort: bootstrap_register(): failed 1100 (0x44c) 'Permission denied', port = 0x744b, name = 'com.apple.coredrag'
See /usr/include/servers/bootstrap_defs.h for the error codes.
1533199292191	geckodriver	INFO	geckodriver 0.21.0
1533199292198	geckodriver	INFO	Listening on 127.0.0.1:50214
1533199293224	mozrunner::runner	INFO	Running command: "/Applications/Firefox.app/Contents/MacOS/firefox-bin" "-marionette" "-foreground" "-no-remote" "-profile" "/var/folders/sf/ccr299pn4xlfcs11m1x6xpj00000gn/T/rust_mozprofile.fs7X1qQhYuhv"
2018-08-02 16:41:34.912 plugin-container[10228:1430268] *** CFMessagePort: bootstrap_register(): failed 1100 (0x44c) 'Permission denied', port = 0x7943, name = 'com.apple.tsm.portname'
See /usr/include/servers/bootstrap_defs.h for the error codes.
2018-08-02 16:41:35.065 plugin-container[10228:1430268] *** CFMessagePort: bootstrap_register(): failed 1100 (0x44c) 'Permission denied', port = 0x791b, name = 'com.apple.coredrag'
See /usr/include/servers/bootstrap_defs.h for the error codes.
2018-08-02 16:41:35.359 plugin-container[10229:1430296] *** CFMessagePort: bootstrap_register(): failed 1100 (0x44c) 'Permission denied', port = 0x8103, name = 'com.apple.tsm.portname'
See /usr/include/servers/bootstrap_defs.h for the error codes.
2018-08-02 16:41:35.508 plugin-container[10229:1430296] *** CFMessagePort: bootstrap_register(): failed 1100 (0x44c) 'Permission denied', port = 0x812f, name = 'com.apple.coredrag'
See /usr/include/servers/bootstrap_defs.h for the error codes.
1533199296081	Marionette	INFO	Listening on port 50221
1533199296153	Marionette	WARN	TLS certificate errors will be ignored for this session
2018-08-02 16:41:36.315 plugin-container[10230:1430440] *** CFMessagePort: bootstrap_register(): failed 1100 (0x44c) 'Permission denied', port = 0x7d3f, name = 'com.apple.tsm.portname'
See /usr/include/servers/bootstrap_defs.h for the error codes.
2018-08-02 16:41:36.500 plugin-container[10230:1430440] *** CFMessagePort: bootstrap_register(): failed 1100 (0x44c) 'Permission denied', port = 0x7ddb, name = 'com.apple.coredrag'
See /usr/include/servers/bootstrap_defs.h for the error codes.
1533199333817	geckodriver	INFO	geckodriver 0.21.0
1533199333825	geckodriver	INFO	Listening on 127.0.0.1:50300
1533199334840	mozrunner::runner	INFO	Running command: "/Applications/Firefox.app/Contents/MacOS/firefox-bin" "-marionette" "-foreground" "-no-remote" "-profile" "/var/folders/sf/ccr299pn4xlfcs11m1x6xpj00000gn/T/rust_mozprofile.etzRSsWAHy3U"
2018-08-02 16:42:17.437 plugin-container[10247:1431434] *** CFMessagePort: bootstrap_register(): failed 1100 (0x44c) 'Permission denied', port = 0x7e3f, name = 'com.apple.tsm.portname'
See /usr/include/servers/bootstrap_defs.h for the error codes.
2018-08-02 16:42:17.630 plugin-container[10247:1431434] *** CFMessagePort: bootstrap_register(): failed 1100 (0x44c) 'Permission denied', port = 0x7e3f, name = 'com.apple.coredrag'
See /usr/include/servers/bootstrap_defs.h for the error codes.
2018-08-02 16:42:17.631 plugin-container[10248:1431470] *** CFMessagePort: bootstrap_register(): failed 1100 (0x44c) 'Permission denied', port = 0x7b43, name = 'com.apple.tsm.portname'
See /usr/include/servers/bootstrap_defs.h for the error codes.
2018-08-02 16:42:17.765 plugin-container[10248:1431470] *** CFMessagePort: bootstrap_register(): failed 1100 (0x44c) 'Permission denied', port = 0x7b23, name = 'com.apple.coredrag'
See /usr/include/servers/bootstrap_defs.h for the error codes.
1533199338013	Marionette	INFO	Listening on port 50307
1533199338066	Marionette	WARN	TLS certificate errors will be ignored for this session
2018-08-02 16:42:19.071 plugin-container[10249:1431587] *** CFMessagePort: bootstrap_register(): failed 1100 (0x44c) 'Permission denied', port = 0x8243, name = 'com.apple.tsm.portname'
See /usr/include/servers/bootstrap_defs.h for the error codes.
2018-08-02 16:42:19.332 plugin-container[10249:1431587] *** CFMessagePort: bootstrap_register(): failed 1100 (0x44c) 'Permission denied', port = 0x82df, name = 'com.apple.coredrag'
See /usr/include/servers/bootstrap_defs.h for the error codes.
2018-08-02 16:45:38.999 firefox-bin[10245:1431189] IMKInputSession [0x110819790 presentFunctionRowItemTextInputViewWithEndpoint:completionHandler:] : [self textInputContext]=0x110459580 *NO* NSRemoteViewController to client, NSError=Error Domain=NSCocoaErrorDomain Code=4099 "The connection from pid 0 was invalidated from this process." UserInfo={NSDebugDescription=The connection from pid 0 was invalidated from this process.}, com.apple.inputmethod.SCIM
console.error: "Protocol error (noSuchActor): No such actor for ID: server1.conn0.child1/highlighter43"

###!!! [Parent][RunMessage] Error: Channel error: cannot send/recv


###!!! [Parent][RunMessage] Error: Channel error: cannot send/recv


###!!! [Parent][RunMessage] Error: Channel error: cannot send/recv


###!!! [Parent][RunMessage] Error: Channel error: cannot send/recv


###!!! [Parent][RunMessage] Error: Channel error: cannot send/recv


###!!! [Parent][RunMessage] Error: Channel error: cannot send/recv


###!!! [Parent][RunMessage] Error: Channel error: cannot send/recv


###!!! [Parent][RunMessage] Error: Channel error: cannot send/recv


###!!! [Parent][RunMessage] Error: Channel error: cannot send/recv


###!!! [Parent][RunMessage] Error: Channel error: cannot send/recv


###!!! [Parent][RunMessage] Error: Channel error: cannot send/recv


###!!! [Parent][RunMessage] Error: Channel error: cannot send/recv


###!!! [Parent][RunMessage] Error: Channel error: cannot send/recv


###!!! [Parent][RunMessage] Error: Channel error: cannot send/recv


###!!! [Parent][RunMessage] Error: Channel error: cannot send/recv


###!!! [Parent][RunMessage] Error: Channel error: cannot send/recv


###!!! [Parent][RunMessage] Error: Channel error: cannot send/recv


###!!! [Parent][RunMessage] Error: Channel error: cannot send/recv


###!!! [Parent][RunMessage] Error: Channel error: cannot send/recv


###!!! [Parent][RunMessage] Error: Channel error: cannot send/recv


###!!! [Parent][RunMessage] Error: Channel error: cannot send/recv


###!!! [Parent][RunMessage] Error: Channel error: cannot send/recv


###!!! [Parent][RunMessage] Error: Channel error: cannot send/recv


###!!! [Parent][RunMessage] Error: Channel error: cannot send/recv


###!!! [Parent][RunMessage] Error: Channel error: cannot send/recv


###!!! [Parent][RunMessage] Error: Channel error: cannot send/recv


###!!! [Parent][RunMessage] Error: Channel error: cannot send/recv


###!!! [Parent][RunMessage] Error: Channel error: cannot send/recv


###!!! [Parent][RunMessage] Error: Channel error: cannot send/recv


###!!! [Parent][RunMessage] Error: Channel error: cannot send/recv


###!!! [Parent][RunMessage] Error: Channel error: cannot send/recv


###!!! [Parent][RunMessage] Error: Channel error: cannot send/recv

1533199645969	geckodriver	INFO	geckodriver 0.21.0
1533199645974	geckodriver	INFO	Listening on 127.0.0.1:50453
1533199646991	mozrunner::runner	INFO	Running command: "/Applications/Firefox.app/Contents/MacOS/firefox-bin" "-marionette" "-foreground" "-no-remote" "-profile" "/var/folders/sf/ccr299pn4xlfcs11m1x6xpj00000gn/T/rust_mozprofile.tR8yUjKdDitW"
2018-08-02 16:47:28.317 plugin-container[10265:1437136] *** CFMessagePort: bootstrap_register(): failed 1100 (0x44c) 'Permission denied', port = 0x7903, name = 'com.apple.tsm.portname'
See /usr/include/servers/bootstrap_defs.h for the error codes.
2018-08-02 16:47:28.407 plugin-container[10265:1437136] *** CFMessagePort: bootstrap_register(): failed 1100 (0x44c) 'Permission denied', port = 0x7923, name = 'com.apple.coredrag'
See /usr/include/servers/bootstrap_defs.h for the error codes.
2018-08-02 16:47:28.557 plugin-container[10266:1437167] *** CFMessagePort: bootstrap_register(): failed 1100 (0x44c) 'Permission denied', port = 0x8103, name = 'com.apple.tsm.portname'
See /usr/include/servers/bootstrap_defs.h for the error codes.
2018-08-02 16:47:28.669 plugin-container[10266:1437167] *** CFMessagePort: bootstrap_register(): failed 1100 (0x44c) 'Permission denied', port = 0x81a3, name = 'com.apple.coredrag'
See /usr/include/servers/bootstrap_defs.h for the error codes.
1533199649081	Marionette	INFO	Listening on port 50460
1533199649181	Marionette	WARN	TLS certificate errors will be ignored for this session
2018-08-02 16:47:29.684 plugin-container[10267:1437284] *** CFMessagePort: bootstrap_register(): failed 1100 (0x44c) 'Permission denied', port = 0x7003, name = 'com.apple.tsm.portname'
See /usr/include/servers/bootstrap_defs.h for the error codes.
2018-08-02 16:47:29.795 plugin-container[10267:1437284] *** CFMessagePort: bootstrap_register(): failed 1100 (0x44c) 'Permission denied', port = 0x6fa7, name = 'com.apple.coredrag'
See /usr/include/servers/bootstrap_defs.h for the error codes.
1533199986751	geckodriver	INFO	geckodriver 0.21.0
1533199986756	geckodriver	INFO	Listening on 127.0.0.1:50767
1533199987772	mozrunner::runner	INFO	Running command: "/Applications/Firefox.app/Contents/MacOS/firefox-bin" "-marionette" "-foreground" "-no-remote" "-profile" "/var/folders/sf/ccr299pn4xlfcs11m1x6xpj00000gn/T/rust_mozprofile.tMriQGrVEn3Z"
2018-08-02 16:53:09.052 plugin-container[10282:1443309] *** CFMessagePort: bootstrap_register(): failed 1100 (0x44c) 'Permission denied', port = 0x7c43, name = 'com.apple.tsm.portname'
See /usr/include/servers/bootstrap_defs.h for the error codes.
2018-08-02 16:53:09.139 plugin-container[10282:1443309] *** CFMessagePort: bootstrap_register(): failed 1100 (0x44c) 'Permission denied', port = 0x7c63, name = 'com.apple.coredrag'
See /usr/include/servers/bootstrap_defs.h for the error codes.
2018-08-02 16:53:09.293 plugin-container[10283:1443337] *** CFMessagePort: bootstrap_register(): failed 1100 (0x44c) 'Permission denied', port = 0x823f, name = 'com.apple.tsm.portname'
See /usr/include/servers/bootstrap_defs.h for the error codes.
2018-08-02 16:53:09.390 plugin-container[10283:1443337] *** CFMessagePort: bootstrap_register(): failed 1100 (0x44c) 'Permission denied', port = 0x821f, name = 'com.apple.coredrag'
See /usr/include/servers/bootstrap_defs.h for the error codes.
1533199989708	Marionette	INFO	Listening on port 50774
1533199989752	Marionette	WARN	TLS certificate errors will be ignored for this session
2018-08-02 16:53:10.355 plugin-container[10284:1443447] *** CFMessagePort: bootstrap_register(): failed 1100 (0x44c) 'Permission denied', port = 0x6f3f, name = 'com.apple.tsm.portname'
See /usr/include/servers/bootstrap_defs.h for the error codes.
2018-08-02 16:53:10.468 plugin-container[10284:1443447] *** CFMessagePort: bootstrap_register(): failed 1100 (0x44c) 'Permission denied', port = 0x6f1b, name = 'com.apple.coredrag'
See /usr/include/servers/bootstrap_defs.h for the error codes.
1533200016454	geckodriver	INFO	geckodriver 0.21.0
1533200016459	geckodriver	INFO	Listening on 127.0.0.1:50843
1533200017479	mozrunner::runner	INFO	Running command: "/Applications/Firefox.app/Contents/MacOS/firefox-bin" "-marionette" "-foreground" "-no-remote" "-profile" "/var/folders/sf/ccr299pn4xlfcs11m1x6xpj00000gn/T/rust_mozprofile.gov5D0FWAT6r"
2018-08-02 16:53:38.792 plugin-container[10297:1444012] *** CFMessagePort: bootstrap_register(): failed 1100 (0x44c) 'Permission denied', port = 0x773f, name = 'com.apple.tsm.portname'
See /usr/include/servers/bootstrap_defs.h for the error codes.
2018-08-02 16:53:38.921 plugin-container[10297:1444012] *** CFMessagePort: bootstrap_register(): failed 1100 (0x44c) 'Permission denied', port = 0x77db, name = 'com.apple.coredrag'
See /usr/include/servers/bootstrap_defs.h for the error codes.
2018-08-02 16:53:39.114 plugin-container[10298:1444042] *** CFMessagePort: bootstrap_register(): failed 1100 (0x44c) 'Permission denied', port = 0x7e03, name = 'com.apple.tsm.portname'
See /usr/include/servers/bootstrap_defs.h for the error codes.
2018-08-02 16:53:39.246 plugin-container[10298:1444042] *** CFMessagePort: bootstrap_register(): failed 1100 (0x44c) 'Permission denied', port = 0x7e2b, name = 'com.apple.coredrag'
See /usr/include/servers/bootstrap_defs.h for the error codes.
1533200019592	Marionette	INFO	Listening on port 50850
1533200019658	Marionette	WARN	TLS certificate errors will be ignored for this session
2018-08-02 16:53:40.235 plugin-container[10299:1444162] *** CFMessagePort: bootstrap_register(): failed 1100 (0x44c) 'Permission denied', port = 0x7e3b, name = 'com.apple.tsm.portname'
See /usr/include/servers/bootstrap_defs.h for the error codes.
2018-08-02 16:53:40.346 plugin-container[10299:1444162] *** CFMessagePort: bootstrap_register(): failed 1100 (0x44c) 'Permission denied', port = 0x7e17, name = 'com.apple.coredrag'
See /usr/include/servers/bootstrap_defs.h for the error codes.
1533200046540	geckodriver	INFO	geckodriver 0.21.0
1533200046545	geckodriver	INFO	Listening on 127.0.0.1:50937
1533200047561	mozrunner::runner	INFO	Running command: "/Applications/Firefox.app/Contents/MacOS/firefox-bin" "-marionette" "-foreground" "-no-remote" "-profile" "/var/folders/sf/ccr299pn4xlfcs11m1x6xpj00000gn/T/rust_mozprofile.E278ZJXsiCEW"
2018-08-02 16:54:08.952 plugin-container[10315:1444900] *** CFMessagePort: bootstrap_register(): failed 1100 (0x44c) 'Permission denied', port = 0x7b03, name = 'com.apple.tsm.portname'
See /usr/include/servers/bootstrap_defs.h for the error codes.
2018-08-02 16:54:09.076 plugin-container[10315:1444900] *** CFMessagePort: bootstrap_register(): failed 1100 (0x44c) 'Permission denied', port = 0x7b23, name = 'com.apple.coredrag'
See /usr/include/servers/bootstrap_defs.h for the error codes.
2018-08-02 16:54:09.315 plugin-container[10316:1444930] *** CFMessagePort: bootstrap_register(): failed 1100 (0x44c) 'Permission denied', port = 0x7f3f, name = 'com.apple.tsm.portname'
See /usr/include/servers/bootstrap_defs.h for the error codes.
2018-08-02 16:54:09.435 plugin-container[10316:1444930] *** CFMessagePort: bootstrap_register(): failed 1100 (0x44c) 'Permission denied', port = 0x7f4b, name = 'com.apple.coredrag'
See /usr/include/servers/bootstrap_defs.h for the error codes.
1533200049761	Marionette	INFO	Listening on port 50944
1533200049875	Marionette	WARN	TLS certificate errors will be ignored for this session
2018-08-02 16:54:10.434 plugin-container[10317:1445050] *** CFMessagePort: bootstrap_register(): failed 1100 (0x44c) 'Permission denied', port = 0x8d03, name = 'com.apple.tsm.portname'
See /usr/include/servers/bootstrap_defs.h for the error codes.
2018-08-02 16:54:10.572 plugin-container[10317:1445050] *** CFMessagePort: bootstrap_register(): failed 1100 (0x44c) 'Permission denied', port = 0x8d63, name = 'com.apple.coredrag'
See /usr/include/servers/bootstrap_defs.h for the error codes.
1533200067294	geckodriver	INFO	geckodriver 0.21.0
1533200067302	geckodriver	INFO	Listening on 127.0.0.1:51008
1533200068315	mozrunner::runner	INFO	Running command: "/Applications/Firefox.app/Contents/MacOS/firefox-bin" "-marionette" "-foreground" "-no-remote" "-profile" "/var/folders/sf/ccr299pn4xlfcs11m1x6xpj00000gn/T/rust_mozprofile.OpmbBOIbzl3m"
2018-08-02 16:54:29.742 plugin-container[10328:1445599] *** CFMessagePort: bootstrap_register(): failed 1100 (0x44c) 'Permission denied', port = 0x7f3f, name = 'com.apple.tsm.portname'
See /usr/include/servers/bootstrap_defs.h for the error codes.
2018-08-02 16:54:29.863 plugin-container[10328:1445599] *** CFMessagePort: bootstrap_register(): failed 1100 (0x44c) 'Permission denied', port = 0x7f5f, name = 'com.apple.coredrag'
See /usr/include/servers/bootstrap_defs.h for the error codes.
2018-08-02 16:54:30.022 plugin-container[10329:1445627] *** CFMessagePort: bootstrap_register(): failed 1100 (0x44c) 'Permission denied', port = 0x8203, name = 'com.apple.tsm.portname'
See /usr/include/servers/bootstrap_defs.h for the error codes.
2018-08-02 16:54:30.122 plugin-container[10329:1445627] *** CFMessagePort: bootstrap_register(): failed 1100 (0x44c) 'Permission denied', port = 0x826b, name = 'com.apple.coredrag'
See /usr/include/servers/bootstrap_defs.h for the error codes.
1533200070442	Marionette	INFO	Listening on port 51015
1533200070522	Marionette	WARN	TLS certificate errors will be ignored for this session
2018-08-02 16:54:31.238 plugin-container[10330:1445741] *** CFMessagePort: bootstrap_register(): failed 1100 (0x44c) 'Permission denied', port = 0x723f, name = 'com.apple.tsm.portname'
See /usr/include/servers/bootstrap_defs.h for the error codes.
2018-08-02 16:54:31.400 plugin-container[10330:1445741] *** CFMessagePort: bootstrap_register(): failed 1100 (0x44c) 'Permission denied', port = 0x721b, name = 'com.apple.coredrag'
See /usr/include/servers/bootstrap_defs.h for the error codes.
2018-08-02 16:59:35.232 plugin-container[10345:1451133] *** CFMessagePort: bootstrap_register(): failed 1100 (0x44c) 'Permission denied', port = 0x7543, name = 'com.apple.tsm.portname'
See /usr/include/servers/bootstrap_defs.h for the error codes.
2018-08-02 16:59:35.311 plugin-container[10345:1451133] *** CFMessagePort: bootstrap_register(): failed 1100 (0x44c) 'Permission denied', port = 0x75db, name = 'com.apple.coredrag'
See /usr/include/servers/bootstrap_defs.h for the error codes.
1533200810421	geckodriver	INFO	geckodriver 0.21.0
1533200810427	geckodriver	INFO	Listening on 127.0.0.1:51370
1533200811447	mozrunner::runner	INFO	Running command: "/Applications/Firefox.app/Contents/MacOS/firefox-bin" "-marionette" "-foreground" "-no-remote" "-profile" "/var/folders/sf/ccr299pn4xlfcs11m1x6xpj00000gn/T/rust_mozprofile.tgvU4c6ZpMFu"
2018-08-02 17:06:53.023 plugin-container[10368:1458524] *** CFMessagePort: bootstrap_register(): failed 1100 (0x44c) 'Permission denied', port = 0x7a03, name = 'com.apple.tsm.portname'
See /usr/include/servers/bootstrap_defs.h for the error codes.
2018-08-02 17:06:53.125 plugin-container[10368:1458524] *** CFMessagePort: bootstrap_register(): failed 1100 (0x44c) 'Permission denied', port = 0x7a9b, name = 'com.apple.coredrag'
See /usr/include/servers/bootstrap_defs.h for the error codes.
2018-08-02 17:06:53.125 plugin-container[10369:1458552] *** CFMessagePort: bootstrap_register(): failed 1100 (0x44c) 'Permission denied', port = 0x7b03, name = 'com.apple.tsm.portname'
See /usr/include/servers/bootstrap_defs.h for the error codes.
2018-08-02 17:06:53.220 plugin-container[10369:1458552] *** CFMessagePort: bootstrap_register(): failed 1100 (0x44c) 'Permission denied', port = 0x7b63, name = 'com.apple.coredrag'
See /usr/include/servers/bootstrap_defs.h for the error codes.
1533200813398	Marionette	INFO	Listening on port 51377
1533200813433	Marionette	WARN	TLS certificate errors will be ignored for this session
2018-08-02 17:06:54.011 plugin-container[10370:1458666] *** CFMessagePort: bootstrap_register(): failed 1100 (0x44c) 'Permission denied', port = 0x7403, name = 'com.apple.tsm.portname'
See /usr/include/servers/bootstrap_defs.h for the error codes.
2018-08-02 17:06:54.119 plugin-container[10370:1458666] *** CFMessagePort: bootstrap_register(): failed 1100 (0x44c) 'Permission denied', port = 0x7423, name = 'com.apple.coredrag'
See /usr/include/servers/bootstrap_defs.h for the error codes.
*** UTM:SVC TimerManager:registerTimer called after profile-before-change notification. Ignoring timer registration for id: telemetry_modules_ping
1533200975196	geckodriver	INFO	geckodriver 0.21.0
1533200975206	geckodriver	INFO	Listening on 127.0.0.1:49328
1533200976212	mozrunner::runner	INFO	Running command: "/Applications/Firefox.app/Contents/MacOS/firefox-bin" "-marionette" "-foreground" "-no-remote" "-profile" "/var/folders/sf/ccr299pn4xlfcs11m1x6xpj00000gn/T/rust_mozprofile.D304wO73iqR7"
2018-08-02 17:09:37.959 plugin-container[501:7551] *** CFMessagePort: bootstrap_register(): failed 1100 (0x44c) 'Permission denied', port = 0x7203, name = 'com.apple.tsm.portname'
See /usr/include/servers/bootstrap_defs.h for the error codes.
2018-08-02 17:09:38.042 plugin-container[501:7551] *** CFMessagePort: bootstrap_register(): failed 1100 (0x44c) 'Permission denied', port = 0x725b, name = 'com.apple.coredrag'
See /usr/include/servers/bootstrap_defs.h for the error codes.
2018-08-02 17:09:38.220 plugin-container[502:7586] *** CFMessagePort: bootstrap_register(): failed 1100 (0x44c) 'Permission denied', port = 0x7f03, name = 'com.apple.tsm.portname'
See /usr/include/servers/bootstrap_defs.h for the error codes.
2018-08-02 17:09:38.304 plugin-container[502:7586] *** CFMessagePort: bootstrap_register(): failed 1100 (0x44c) 'Permission denied', port = 0x7f83, name = 'com.apple.coredrag'
See /usr/include/servers/bootstrap_defs.h for the error codes.
1533200978635	Marionette	INFO	Listening on port 49339
1533200978725	Marionette	WARN	TLS certificate errors will be ignored for this session
2018-08-02 17:09:39.242 plugin-container[504:7721] *** CFMessagePort: bootstrap_register(): failed 1100 (0x44c) 'Permission denied', port = 0x7e3f, name = 'com.apple.tsm.portname'
See /usr/include/servers/bootstrap_defs.h for the error codes.
2018-08-02 17:09:39.340 plugin-container[504:7721] *** CFMessagePort: bootstrap_register(): failed 1100 (0x44c) 'Permission denied', port = 0x7e1b, name = 'com.apple.coredrag'
See /usr/include/servers/bootstrap_defs.h for the error codes.
2018-08-02 17:10:42.264 plugin-container[527:9007] *** CFMessagePort: bootstrap_register(): failed 1100 (0x44c) 'Permission denied', port = 0x7f3b, name = 'com.apple.tsm.portname'
See /usr/include/servers/bootstrap_defs.h for the error codes.
2018-08-02 17:10:42.337 plugin-container[527:9007] *** CFMessagePort: bootstrap_register(): failed 1100 (0x44c) 'Permission denied', port = 0x7f1b, name = 'com.apple.coredrag'
See /usr/include/servers/bootstrap_defs.h for the error codes.
2018-08-02 17:13:51.450 firefox-bin[500:7437] IMKInputSession [0x12f4cae50 presentFunctionRowItemTextInputViewWithEndpoint:completionHandler:] : [self textInputContext]=0x131d7c3a0 *NO* NSRemoteViewController to client, NSError=Error Domain=NSCocoaErrorDomain Code=4099 "The connection from pid 0 was invalidated from this process." UserInfo={NSDebugDescription=The connection from pid 0 was invalidated from this process.}, com.apple.inputmethod.SCIM
1533201259070	geckodriver	INFO	geckodriver 0.21.0
1533201259076	geckodriver	INFO	Listening on 127.0.0.1:49548
1533201260091	mozrunner::runner	INFO	Running command: "/Applications/Firefox.app/Contents/MacOS/firefox-bin" "-marionette" "-foreground" "-no-remote" "-profile" "/var/folders/sf/ccr299pn4xlfcs11m1x6xpj00000gn/T/rust_mozprofile.5o6TBJGL1rrk"
2018-08-02 17:14:21.321 plugin-container[556:13335] *** CFMessagePort: bootstrap_register(): failed 1100 (0x44c) 'Permission denied', port = 0x8103, name = 'com.apple.tsm.portname'
See /usr/include/servers/bootstrap_defs.h for the error codes.
2018-08-02 17:14:21.408 plugin-container[556:13335] *** CFMessagePort: bootstrap_register(): failed 1100 (0x44c) 'Permission denied', port = 0x811f, name = 'com.apple.coredrag'
See /usr/include/servers/bootstrap_defs.h for the error codes.
2018-08-02 17:14:21.540 plugin-container[557:13365] *** CFMessagePort: bootstrap_register(): failed 1100 (0x44c) 'Permission denied', port = 0x7c3f, name = 'com.apple.tsm.portname'
See /usr/include/servers/bootstrap_defs.h for the error codes.
2018-08-02 17:14:21.628 plugin-container[557:13365] *** CFMessagePort: bootstrap_register(): failed 1100 (0x44c) 'Permission denied', port = 0x8473, name = 'com.apple.coredrag'
See /usr/include/servers/bootstrap_defs.h for the error codes.
1533201261928	Marionette	INFO	Listening on port 49559
1533201261975	Marionette	WARN	TLS certificate errors will be ignored for this session
2018-08-02 17:14:23.095 plugin-container[558:13509] *** CFMessagePort: bootstrap_register(): failed 1100 (0x44c) 'Permission denied', port = 0x7807, name = 'com.apple.tsm.portname'
See /usr/include/servers/bootstrap_defs.h for the error codes.
JavaScript error: https://ss1.bdstatic.com/5eN1bjq8AAUYm2zgoY3K/r/www/cache/static/protocol/https/plugins/every_cookie_mac_82990d4.js, line 4: ReferenceError: c is not defined
2018-08-02 17:14:23.279 plugin-container[558:13509] *** CFMessagePort: bootstrap_register(): failed 1100 (0x44c) 'Permission denied', port = 0x786b, name = 'com.apple.coredrag'
See /usr/include/servers/bootstrap_defs.h for the error codes.
JavaScript error: https://sp0.baidu.com/5a1Fazu8AA54nxGko9WTAnF6hhy/su?wd=se&json=1&p=3&sid=1437_21106_18560_26350_26920_22157&csor=2&pwd=s&cb=jQuery110205733287372406263_1533201263193&_=1533201263196, line 1: TypeError: jQuery110205733287372406263_1533201263193 is not a function
JavaScript error: https://sp0.baidu.com/5a1Fazu8AA54nxGko9WTAnF6hhy/su?wd=sel&json=1&p=3&sid=1437_21106_18560_26350_26920_22157&csor=3&pwd=se&cb=jQuery110205733287372406263_1533201263193&_=1533201263197, line 1: TypeError: jQuery110205733287372406263_1533201263193 is not a function
JavaScript error: https://sp0.baidu.com/5a1Fazu8AA54nxGko9WTAnF6hhy/su?wd=seleni&json=1&p=3&sid=1437_21106_18560_26350_26920_22157&csor=6&pwd=selen&cb=jQuery110205733287372406263_1533201263193&_=1533201263200, line 1: TypeError: jQuery110205733287372406263_1533201263193 is not a function
JavaScript error: https://sp0.baidu.com/5a1Fazu8AA54nxGko9WTAnF6hhy/su?wd=sele&json=1&p=3&sid=1437_21106_18560_26350_26920_22157&csor=4&pwd=sel&cb=jQuery110205733287372406263_1533201263193&_=1533201263198, line 1: TypeError: jQuery110205733287372406263_1533201263193 is not a function
JavaScript error: https://sp0.baidu.com/5a1Fazu8AA54nxGko9WTAnF6hhy/su?wd=selen&json=1&p=3&sid=1437_21106_18560_26350_26920_22157&csor=5&pwd=sele&cb=jQuery110205733287372406263_1533201263193&_=1533201263199, line 1: TypeError: jQuery110205733287372406263_1533201263193 is not a function
JavaScript error: https://sp0.baidu.com/5a1Fazu8AA54nxGko9WTAnF6hhy/su?wd=s&json=1&p=3&sid=1437_21106_18560_26350_26920_22157&csor=1&cb=jQuery110205733287372406263_1533201263193&_=1533201263195, line 1: TypeError: jQuery110205733287372406263_1533201263193 is not a function
JavaScript error: https://sp0.baidu.com/5a1Fazu8AA54nxGko9WTAnF6hhy/su?wd=seleniu&json=1&p=3&sid=1437_21106_18560_26350_26920_22157&csor=7&pwd=seleni&cb=jQuery110205733287372406263_1533201263193&_=1533201263201, line 1: TypeError: jQuery110205733287372406263_1533201263193 is not a function
JavaScript error: https://sp0.baidu.com/5a1Fazu8AA54nxGko9WTAnF6hhy/su?wd=selenium&json=1&p=3&sid=1437_21106_18560_26350_26920_22157&csor=8&pwd=seleniu&cb=jQuery110205733287372406263_1533201263193&_=1533201263202, line 1: TypeError: jQuery110205733287372406263_1533201263193 is not a function
*** UTM:SVC TimerManager:registerTimer called after profile-before-change notification. Ignoring timer registration for id: telemetry_modules_ping
2018-08-02 22:04:19.365 plugin-container[501:7551] _mthid_copyDeviceInfo(144115188092633088) failed
2018-08-02 22:04:19.372 plugin-container[527:9007] _mthid_copyDeviceInfo(144115188092633088) failed
2018-08-02 22:04:19.374 plugin-container[504:7721] _mthid_copyDeviceInfo(144115188092633088) failed
2018-08-02 22:04:19.375 plugin-container[502:7586] _mthid_copyDeviceInfo(144115188092633088) failed
2018-08-03 05:19:55.362 plugin-container[501:7551] _mthid_copyDeviceInfo(144115188092633088) failed
2018-08-03 05:19:55.365 plugin-container[502:7586] _mthid_copyDeviceInfo(144115188092633088) failed
2018-08-03 05:19:55.365 plugin-container[504:7721] _mthid_copyDeviceInfo(144115188092633088) failed
2018-08-03 05:19:55.366 plugin-container[527:9007] _mthid_copyDeviceInfo(144115188092633088) failed
2018-08-03 12:34:05.502 plugin-container[501:7551] _mthid_copyDeviceInfo(144115188092633088) failed
2018-08-03 12:34:05.504 plugin-container[502:7586] _mthid_copyDeviceInfo(144115188092633088) failed
2018-08-03 12:34:05.507 plugin-container[527:9007] _mthid_copyDeviceInfo(144115188092633088) failed
2018-08-03 12:34:05.519 plugin-container[504:7721] _mthid_copyDeviceInfo(144115188092633088) failed
2018-08-09 09:51:44.045 plugin-container[501:7551] _mthid_copyDeviceInfo(144115188092633088) failed
2018-08-09 09:51:44.049 plugin-container[504:7721] _mthid_copyDeviceInfo(144115188092633088) failed
2018-08-09 09:51:44.049 plugin-container[527:9007] _mthid_copyDeviceInfo(144115188092633088) failed
2018-08-09 09:51:44.068 plugin-container[502:7586] _mthid_copyDeviceInfo(144115188092633088) failed
2018-08-09 11:15:28.176 plugin-container[501:7551] _mthid_copyDeviceInfo(144115188092633088) failed
2018-08-09 11:15:28.179 plugin-container[527:9007] _mthid_copyDeviceInfo(144115188092633088) failed
2018-08-09 11:15:28.179 plugin-container[502:7586] _mthid_copyDeviceInfo(144115188092633088) failed
2018-08-09 11:15:28.189 plugin-container[504:7721] _mthid_copyDeviceInfo(144115188092633088) failed
1533891982881	geckodriver	INFO	geckodriver 0.21.0
1533891982891	geckodriver	INFO	Listening on 127.0.0.1:55520
1533891983902	mozrunner::runner	INFO	Running command: "/Applications/Firefox.app/Contents/MacOS/firefox-bin" "-marionette" "-foreground" "-no-remote" "-profile" "/var/folders/sf/ccr299pn4xlfcs11m1x6xpj00000gn/T/rust_mozprofile.ceQNpmZVHCIB"
2018-08-10 17:06:25.532 plugin-container[1393:280597] *** CFMessagePort: bootstrap_register(): failed 1100 (0x44c) 'Permission denied', port = 0x8803, name = 'com.apple.tsm.portname'
See /usr/include/servers/bootstrap_defs.h for the error codes.
2018-08-10 17:06:25.813 plugin-container[1394:280635] *** CFMessagePort: bootstrap_register(): failed 1100 (0x44c) 'Permission denied', port = 0x863b, name = 'com.apple.tsm.portname'
See /usr/include/servers/bootstrap_defs.h for the error codes.
2018-08-10 17:06:26.018 plugin-container[1393:280597] *** CFMessagePort: bootstrap_register(): failed 1100 (0x44c) 'Permission denied', port = 0x261b, name = 'com.apple.coredrag'
See /usr/include/servers/bootstrap_defs.h for the error codes.
2018-08-10 17:06:26.019 plugin-container[1394:280635] *** CFMessagePort: bootstrap_register(): failed 1100 (0x44c) 'Permission denied', port = 0x1827, name = 'com.apple.coredrag'
See /usr/include/servers/bootstrap_defs.h for the error codes.
1533891986101	Marionette	INFO	Listening on port 55532
1533891986175	Marionette	WARN	TLS certificate errors will be ignored for this session
2018-08-10 17:06:27.301 plugin-container[1395:280756] *** CFMessagePort: bootstrap_register(): failed 1100 (0x44c) 'Permission denied', port = 0x813b, name = 'com.apple.tsm.portname'
See /usr/include/servers/bootstrap_defs.h for the error codes.
2018-08-10 17:06:27.436 plugin-container[1395:280756] *** CFMessagePort: bootstrap_register(): failed 1100 (0x44c) 'Permission denied', port = 0x271f, name = 'com.apple.coredrag'
See /usr/include/servers/bootstrap_defs.h for the error codes.
JavaScript error: https://ss1.bdstatic.com/5eN1bjq8AAUYm2zgoY3K/r/www/cache/static/protocol/https/plugins/every_cookie_mac_82990d4.js, line 4: ReferenceError: c is not defined
JavaScript error: https://sp0.baidu.com/5a1Fazu8AA54nxGko9WTAnF6hhy/su?wd=s&json=1&p=3&sid=&csor=1&cb=jQuery110209514553679188811_1533891987431&_=1533891987433, line 1: TypeError: jQuery110209514553679188811_1533891987431 is not a function
JavaScript error: https://sp0.baidu.com/5a1Fazu8AA54nxGko9WTAnF6hhy/su?wd=se&json=1&p=3&sid=&csor=2&pwd=s&cb=jQuery110209514553679188811_1533891987431&_=1533891987434, line 1: TypeError: jQuery110209514553679188811_1533891987431 is not a function
JavaScript error: https://sp0.baidu.com/5a1Fazu8AA54nxGko9WTAnF6hhy/su?wd=seleni&json=1&p=3&sid=&csor=6&pwd=selen&cb=jQuery110209514553679188811_1533891987431&_=1533891987438, line 1: TypeError: jQuery110209514553679188811_1533891987431 is not a function
JavaScript error: https://sp0.baidu.com/5a1Fazu8AA54nxGko9WTAnF6hhy/su?wd=selen&json=1&p=3&sid=&csor=5&pwd=sele&cb=jQuery110209514553679188811_1533891987431&_=1533891987437, line 1: TypeError: jQuery110209514553679188811_1533891987431 is not a function
JavaScript error: https://sp0.baidu.com/5a1Fazu8AA54nxGko9WTAnF6hhy/su?wd=sele&json=1&p=3&sid=&csor=4&pwd=sel&cb=jQuery110209514553679188811_1533891987431&_=1533891987436, line 1: TypeError: jQuery110209514553679188811_1533891987431 is not a function
JavaScript error: https://sp0.baidu.com/5a1Fazu8AA54nxGko9WTAnF6hhy/su?wd=sel&json=1&p=3&sid=&csor=3&pwd=se&cb=jQuery110209514553679188811_1533891987431&_=1533891987435, line 1: TypeError: jQuery110209514553679188811_1533891987431 is not a function
JavaScript error: https://sp0.baidu.com/5a1Fazu8AA54nxGko9WTAnF6hhy/su?wd=seleniu&json=1&p=3&sid=&csor=7&pwd=seleni&cb=jQuery110209514553679188811_1533891987431&_=1533891987439, line 1: TypeError: jQuery110209514553679188811_1533891987431 is not a function
JavaScript error: https://sp0.baidu.com/5a1Fazu8AA54nxGko9WTAnF6hhy/su?wd=selenium&json=1&p=3&sid=&csor=8&pwd=seleniu&cb=jQuery110209514553679188811_1533891987431&_=1533891987440, line 1: TypeError: jQuery110209514553679188811_1533891987431 is not a function
*** UTM:SVC TimerManager:registerTimer called after profile-before-change notification. Ignoring timer registration for id: telemetry_modules_ping
